<?xml version="1.0" encoding="UTF-8"?>
<!-- Generated by org.testng.reporters.JUnitReportReporter -->
<testsuite hostname="DESKTOP-2NH8KRG" failures="0" tests="5" name="com.qa.opencart.tests.HomePageTest" time="2.945" errors="0" timestamp="2025-07-01T13:22:03 IST" skipped="0">
  <testcase classname="com.qa.opencart.tests.HomePageTest" name="homePageTitleTest" time="0.031"/>
  <testcase classname="com.qa.opencart.tests.HomePageTest" name="homePageUrlTest" time="0.002"/>
  <testcase classname="com.qa.opencart.tests.HomePageTest" name="homePageSearchTest" time="0.949"/>
  <testcase classname="com.qa.opencart.tests.HomePageTest" name="homePageSearchTest" time="1.055"/>
  <testcase classname="com.qa.opencart.tests.HomePageTest" name="homePageSearchTest" time="0.908"/>
</testsuite> <!-- com.qa.opencart.tests.HomePageTest -->
